# JRE version: Java(TM) SE Runtime Environment (7.0_65-b20) (build 1.7.0_65-b20)
# Java VM: Java HotSpot(TM) 64-Bit Server VM (24.65-b04 mixed mode windows-amd64 compressed oops)
Heap
 PSYoungGen      total 34304K, used 3324K [0x00000000ebb00000, 0x00000000f0300000, 0x0000000100000000)
  eden space 31744K, 2% used [0x00000000ebb00000,0x00000000ebbc23c8,0x00000000eda00000)
  from space 2560K, 99% used [0x00000000eda00000,0x00000000edc7cf40,0x00000000edc80000)
  to   space 5120K, 0% used [0x00000000efe00000,0x00000000efe00000,0x00000000f0300000)
 ParOldGen       total 41472K, used 3910K [0x00000000c3200000, 0x00000000c5a80000, 0x00000000ebb00000)
  object space 41472K, 9% used [0x00000000c3200000,0x00000000c35d1968,0x00000000c5a80000)
 PSPermGen       total 21504K, used 17873K [0x00000000be000000, 0x00000000bf500000, 0x00000000c3200000)
  object space 21504K, 83% used [0x00000000be000000,0x00000000bf174420,0x00000000bf500000)
GC Heap History (10 events):
Event: 2.668 GC heap before
{Heap before GC invocations=1 (full 0):
 PSYoungGen      total 18432K, used 15872K [0x00000000ebb00000, 0x00000000ecf80000, 0x0000000100000000)
  eden space 15872K, 100% used [0x00000000ebb00000,0x00000000eca80000,0x00000000eca80000)
  from space 2560K, 0% used [0x00000000ecd00000,0x00000000ecd00000,0x00000000ecf80000)
  to   space 2560K, 0% used [0x00000000eca80000,0x00000000eca80000,0x00000000ecd00000)
 ParOldGen       total 41472K, used 0K [0x00000000c3200000, 0x00000000c5a80000, 0x00000000ebb00000)
  object space 41472K, 0% used [0x00000000c3200000,0x00000000c3200000,0x00000000c5a80000)
 PSPermGen       total 21504K, used 11977K [0x00000000be000000, 0x00000000bf500000, 0x00000000c3200000)
  object space 21504K, 55% used [0x00000000be000000,0x00000000bebb2450,0x00000000bf500000)
Event: 2.689 GC heap after
Heap after GC invocations=1 (full 0):
 PSYoungGen      total 18432K, used 2546K [0x00000000ebb00000, 0x00000000ecf80000, 0x0000000100000000)
  eden space 15872K, 0% used [0x00000000ebb00000,0x00000000ebb00000,0x00000000eca80000)
  from space 2560K, 99% used [0x00000000eca80000,0x00000000eccfca90,0x00000000ecd00000)
  to   space 2560K, 0% used [0x00000000ecd00000,0x00000000ecd00000,0x00000000ecf80000)
 ParOldGen       total 41472K, used 516K [0x00000000c3200000, 0x00000000c5a80000, 0x00000000ebb00000)
  object space 41472K, 1% used [0x00000000c3200000,0x00000000c32813b8,0x00000000c5a80000)
 PSPermGen       total 21504K, used 11977K [0x00000000be000000, 0x00000000bf500000, 0x00000000c3200000)
  object space 21504K, 55% used [0x00000000be000000,0x00000000bebb2450,0x00000000bf500000)
}
Event: 3.398 GC heap before
{Heap before GC invocations=2 (full 0):
 PSYoungGen      total 18432K, used 18418K [0x00000000ebb00000, 0x00000000ecf80000, 0x0000000100000000)
  eden space 15872K, 100% used [0x00000000ebb00000,0x00000000eca80000,0x00000000eca80000)
  from space 2560K, 99% used [0x00000000eca80000,0x00000000eccfca90,0x00000000ecd00000)
  to   space 2560K, 0% used [0x00000000ecd00000,0x00000000ecd00000,0x00000000ecf80000)
 ParOldGen       total 41472K, used 516K [0x00000000c3200000, 0x00000000c5a80000, 0x00000000ebb00000)
  object space 41472K, 1% used [0x00000000c3200000,0x00000000c32813b8,0x00000000c5a80000)
 PSPermGen       total 21504K, used 12067K [0x00000000be000000, 0x00000000bf500000, 0x00000000c3200000)
  object space 21504K, 56% used [0x00000000be000000,0x00000000bebc8e00,0x00000000bf500000)
Event: 3.417 GC heap after
Heap after GC invocations=2 (full 0):
 PSYoungGen      total 18432K, used 2545K [0x00000000ebb00000, 0x00000000edf00000, 0x0000000100000000)
  eden space 15872K, 0% used [0x00000000ebb00000,0x00000000ebb00000,0x00000000eca80000)
  from space 2560K, 99% used [0x00000000ecd00000,0x00000000ecf7c768,0x00000000ecf80000)
  to   space 2560K, 0% used [0x00000000eca80000,0x00000000eca80000,0x00000000ecd00000)
 ParOldGen       total 41472K, used 559K [0x00000000c3200000, 0x00000000c5a80000, 0x00000000ebb00000)
  object space 41472K, 1% used [0x00000000c3200000,0x00000000c328bf48,0x00000000c5a80000)
 PSPermGen       total 21504K, used 12067K [0x00000000be000000, 0x00000000bf500000, 0x00000000c3200000)
  object space 21504K, 56% used [0x00000000be000000,0x00000000bebc8e00,0x00000000bf500000)
}
Event: 4.282 GC heap before
{Heap before GC invocations=3 (full 0):
 PSYoungGen      total 18432K, used 17585K [0x00000000ebb00000, 0x00000000edf00000, 0x0000000100000000)
  eden space 15872K, 94% used [0x00000000ebb00000,0x00000000ec9afce8,0x00000000eca80000)
  from space 2560K, 99% used [0x00000000ecd00000,0x00000000ecf7c768,0x00000000ecf80000)
  to   space 2560K, 0% used [0x00000000eca80000,0x00000000eca80000,0x00000000ecd00000)
 ParOldGen       total 41472K, used 559K [0x00000000c3200000, 0x00000000c5a80000, 0x00000000ebb00000)
  object space 41472K, 1% used [0x00000000c3200000,0x00000000c328bf48,0x00000000c5a80000)
 PSPermGen       total 21504K, used 17466K [0x00000000be000000, 0x00000000bf500000, 0x00000000c3200000)
  object space 21504K, 81% used [0x00000000be000000,0x00000000bf10e9d8,0x00000000bf500000)
Event: 4.302 GC heap after
Heap after GC invocations=3 (full 0):
 PSYoungGen      total 18432K, used 2531K [0x00000000ebb00000, 0x00000000edf00000, 0x0000000100000000)
  eden space 15872K, 0% used [0x00000000ebb00000,0x00000000ebb00000,0x00000000eca80000)
  from space 2560K, 98% used [0x00000000eca80000,0x00000000eccf8f30,0x00000000ecd00000)
  to   space 2560K, 0% used [0x00000000edc80000,0x00000000edc80000,0x00000000edf00000)
 ParOldGen       total 41472K, used 2218K [0x00000000c3200000, 0x00000000c5a80000, 0x00000000ebb00000)
  object space 41472K, 5% used [0x00000000c3200000,0x00000000c342a8e0,0x00000000c5a80000)
 PSPermGen       total 21504K, used 17466K [0x00000000be000000, 0x00000000bf500000, 0x00000000c3200000)
  object space 21504K, 81% used [0x00000000be000000,0x00000000bf10e9d8,0x00000000bf500000)
}
Event: 23.410 GC heap before
{Heap before GC invocations=4 (full 0):
 PSYoungGen      total 18432K, used 18403K [0x00000000ebb00000, 0x00000000edf00000, 0x0000000100000000)
  eden space 15872K, 100% used [0x00000000ebb00000,0x00000000eca80000,0x00000000eca80000)
  from space 2560K, 98% used [0x00000000eca80000,0x00000000eccf8f30,0x00000000ecd00000)
  to   space 2560K, 0% used [0x00000000edc80000,0x00000000edc80000,0x00000000edf00000)
 ParOldGen       total 41472K, used 2218K [0x00000000c3200000, 0x00000000c5a80000, 0x00000000ebb00000)
  object space 41472K, 5% used [0x00000000c3200000,0x00000000c342a8e0,0x00000000c5a80000)
 PSPermGen       total 21504K, used 17872K [0x00000000be000000, 0x00000000bf500000, 0x00000000c3200000)
  object space 21504K, 83% used [0x00000000be000000,0x00000000bf174318,0x00000000bf500000)
Event: 23.431 GC heap after
Heap after GC invocations=4 (full 0):
 PSYoungGen      total 34304K, used 2547K [0x00000000ebb00000, 0x00000000edf00000, 0x0000000100000000)
  eden space 31744K, 0% used [0x00000000ebb00000,0x00000000ebb00000,0x00000000eda00000)
  from space 2560K, 99% used [0x00000000edc80000,0x00000000edefcf40,0x00000000edf00000)
  to   space 2560K, 0% used [0x00000000eda00000,0x00000000eda00000,0x00000000edc80000)
 ParOldGen       total 41472K, used 3894K [0x00000000c3200000, 0x00000000c5a80000, 0x00000000ebb00000)
  object space 41472K, 9% used [0x00000000c3200000,0x00000000c35cd968,0x00000000c5a80000)
 PSPermGen       total 21504K, used 17872K [0x00000000be000000, 0x00000000bf500000, 0x00000000c3200000)
  object space 21504K, 83% used [0x00000000be000000,0x00000000bf174318,0x00000000bf500000)
}
Event: 65.898 GC heap before
{Heap before GC invocations=5 (full 0):
 PSYoungGen      total 34304K, used 34291K [0x00000000ebb00000, 0x00000000edf00000, 0x0000000100000000)
  eden space 31744K, 100% used [0x00000000ebb00000,0x00000000eda00000,0x00000000eda00000)
  from space 2560K, 99% used [0x00000000edc80000,0x00000000edefcf40,0x00000000edf00000)
  to   space 2560K, 0% used [0x00000000eda00000,0x00000000eda00000,0x00000000edc80000)
 ParOldGen       total 41472K, used 3894K [0x00000000c3200000, 0x00000000c5a80000, 0x00000000ebb00000)
  object space 41472K, 9% used [0x00000000c3200000,0x00000000c35cd968,0x00000000c5a80000)
 PSPermGen       total 21504K, used 17873K [0x00000000be000000, 0x00000000bf500000, 0x00000000c3200000)
  object space 21504K, 83% used [0x00000000be000000,0x00000000bf174420,0x00000000bf500000)
Event: 65.913 GC heap after
Heap after GC invocations=5 (full 0):
 PSYoungGen      total 34304K, used 2547K [0x00000000ebb00000, 0x00000000f0300000, 0x0000000100000000)
  eden space 31744K, 0% used [0x00000000ebb00000,0x00000000ebb00000,0x00000000eda00000)
  from space 2560K, 99% used [0x00000000eda00000,0x00000000edc7cf40,0x00000000edc80000)
  to   space 5120K, 0% used [0x00000000efe00000,0x00000000efe00000,0x00000000f0300000)
 ParOldGen       total 41472K, used 3910K [0x00000000c3200000, 0x00000000c5a80000, 0x00000000ebb00000)
  object space 41472K, 9% used [0x00000000c3200000,0x00000000c35d1968,0x00000000c5a80000)
 PSPermGen       total 21504K, used 17873K [0x00000000be000000, 0x00000000bf500000, 0x00000000c3200000)
  object space 21504K, 83% used [0x00000000be000000,0x00000000bf174420,0x00000000bf500000)
}

